  main.cpp
H:\4-2\LAB\Graphics Final Project\1807118\bed.h(9,22): warning C4305: 'initializing': truncation from 'double' to 'float'
H:\4-2\LAB\Graphics Final Project\1807118\bed.h(12,23): warning C4305: 'initializing': truncation from 'double' to 'float'
H:\4-2\LAB\Graphics Final Project\1807118\bed.h(13,24): warning C4305: 'initializing': truncation from 'double' to 'float'
H:\4-2\LAB\Graphics Final Project\1807118\bed.h(14,24): warning C4305: 'initializing': truncation from 'double' to 'float'
H:\4-2\LAB\Graphics Final Project\1807118\bed.h(15,25): warning C4305: 'initializing': truncation from 'double' to 'float'
H:\4-2\LAB\Graphics Final Project\1807118\bed.h(16,22): warning C4305: 'initializing': truncation from 'double' to 'float'
H:\4-2\LAB\Graphics Final Project\1807118\bed.h(37,60): warning C4305: 'argument': truncation from 'double' to 'float'
H:\4-2\LAB\Graphics Final Project\1807118\bed.h(37,53): warning C4305: 'argument': truncation from 'double' to 'float'
H:\4-2\LAB\Graphics Final Project\1807118\bed.h(37,46): warning C4305: 'argument': truncation from 'double' to 'float'
H:\4-2\LAB\Graphics Final Project\1807118\bed.h(48,49): warning C4305: 'argument': truncation from 'double' to 'float'
H:\4-2\LAB\Graphics Final Project\1807118\bed.h(59,49): warning C4305: 'argument': truncation from 'double' to 'float'
H:\4-2\LAB\Graphics Final Project\1807118\bed.h(70,60): warning C4305: 'argument': truncation from 'double' to 'float'
H:\4-2\LAB\Graphics Final Project\1807118\bed.h(70,53): warning C4305: 'argument': truncation from 'double' to 'float'
H:\4-2\LAB\Graphics Final Project\1807118\bed.h(70,46): warning C4305: 'argument': truncation from 'double' to 'float'
H:\4-2\LAB\Graphics Final Project\1807118\walls.h(13,32): warning C4101: 'rotateXMatrix': unreferenced local variable
H:\4-2\LAB\Graphics Final Project\1807118\walls.h(13,62): warning C4101: 'rotateZMatrix': unreferenced local variable
H:\4-2\LAB\Graphics Final Project\1807118\walls.h(13,47): warning C4101: 'rotateYMatrix': unreferenced local variable
H:\4-2\LAB\Graphics Final Project\1807118\swing.h(22,46): warning C4305: 'argument': truncation from 'double' to 'float'
H:\4-2\LAB\Graphics Final Project\1807118\swing.h(28,46): warning C4305: 'argument': truncation from 'double' to 'float'
H:\4-2\LAB\Graphics Final Project\1807118\swing.h(34,46): warning C4305: 'argument': truncation from 'double' to 'float'
H:\4-2\LAB\Graphics Final Project\1807118\swing.h(16,32): warning C4101: 'rotateXMatrix': unreferenced local variable
H:\4-2\LAB\Graphics Final Project\1807118\swing.h(16,62): warning C4101: 'rotateZMatrix': unreferenced local variable
H:\4-2\LAB\Graphics Final Project\1807118\swing.h(16,47): warning C4101: 'rotateYMatrix': unreferenced local variable
H:\4-2\LAB\Graphics Final Project\1807118\stand.h(27,60): warning C4305: 'argument': truncation from 'double' to 'float'
H:\4-2\LAB\Graphics Final Project\1807118\stand.h(27,55): warning C4305: 'argument': truncation from 'double' to 'float'
H:\4-2\LAB\Graphics Final Project\1807118\stand.h(27,50): warning C4305: 'argument': truncation from 'double' to 'float'
H:\4-2\LAB\Graphics Final Project\1807118\stand.h(15,32): warning C4101: 'rotateXMatrix': unreferenced local variable
H:\4-2\LAB\Graphics Final Project\1807118\stand.h(15,62): warning C4101: 'rotateZMatrix': unreferenced local variable
H:\4-2\LAB\Graphics Final Project\1807118\cylinderStand.h(26,60): warning C4305: 'argument': truncation from 'double' to 'float'
H:\4-2\LAB\Graphics Final Project\1807118\cylinderStand.h(26,55): warning C4305: 'argument': truncation from 'double' to 'float'
H:\4-2\LAB\Graphics Final Project\1807118\cylinderStand.h(26,50): warning C4305: 'argument': truncation from 'double' to 'float'
H:\4-2\LAB\Graphics Final Project\1807118\cylinderStand.h(15,32): warning C4101: 'rotateXMatrix': unreferenced local variable
H:\4-2\LAB\Graphics Final Project\1807118\cylinderStand.h(15,62): warning C4101: 'rotateZMatrix': unreferenced local variable
H:\4-2\LAB\Graphics Final Project\1807118\sphere.h(170,26): warning C4244: 'initializing': conversion from 'double' to 'float', possible loss of data
H:\4-2\LAB\Graphics Final Project\1807118\sphere.h(171,25): warning C4244: 'initializing': conversion from 'double' to 'float', possible loss of data
H:\4-2\LAB\Graphics Final Project\1807118\sphere.h(173,26): warning C4244: 'initializing': conversion from 'double' to 'float', possible loss of data
H:\4-2\LAB\Graphics Final Project\1807118\main.cpp(85,6): warning C4305: 'initializing': truncation from 'double' to '_Ty'
          with
          [
              _Ty=float
          ]
H:\4-2\LAB\Graphics Final Project\1807118\main.cpp(85,14): warning C4305: 'initializing': truncation from 'double' to '_Ty'
          with
          [
              _Ty=float
          ]
H:\4-2\LAB\Graphics Final Project\1807118\main.cpp(85,22): warning C4305: 'initializing': truncation from 'double' to '_Ty'
          with
          [
              _Ty=float
          ]
H:\4-2\LAB\Graphics Final Project\1807118\main.cpp(86,6): warning C4305: 'initializing': truncation from 'double' to '_Ty'
          with
          [
              _Ty=float
          ]
H:\4-2\LAB\Graphics Final Project\1807118\main.cpp(86,14): warning C4305: 'initializing': truncation from 'double' to '_Ty'
          with
          [
              _Ty=float
          ]
H:\4-2\LAB\Graphics Final Project\1807118\main.cpp(86,22): warning C4305: 'initializing': truncation from 'double' to '_Ty'
          with
          [
              _Ty=float
          ]
H:\4-2\LAB\Graphics Final Project\1807118\main.cpp(87,6): warning C4305: 'initializing': truncation from 'double' to '_Ty'
          with
          [
              _Ty=float
          ]
H:\4-2\LAB\Graphics Final Project\1807118\main.cpp(87,14): warning C4305: 'initializing': truncation from 'double' to '_Ty'
          with
          [
              _Ty=float
          ]
H:\4-2\LAB\Graphics Final Project\1807118\main.cpp(87,22): warning C4305: 'initializing': truncation from 'double' to '_Ty'
          with
          [
              _Ty=float
          ]
H:\4-2\LAB\Graphics Final Project\1807118\main.cpp(88,6): warning C4305: 'initializing': truncation from 'double' to '_Ty'
          with
          [
              _Ty=float
          ]
H:\4-2\LAB\Graphics Final Project\1807118\main.cpp(88,14): warning C4305: 'initializing': truncation from 'double' to '_Ty'
          with
          [
              _Ty=float
          ]
H:\4-2\LAB\Graphics Final Project\1807118\main.cpp(88,22): warning C4305: 'initializing': truncation from 'double' to '_Ty'
          with
          [
              _Ty=float
          ]
H:\4-2\LAB\Graphics Final Project\1807118\main.cpp(89,6): warning C4305: 'initializing': truncation from 'double' to '_Ty'
          with
          [
              _Ty=float
          ]
H:\4-2\LAB\Graphics Final Project\1807118\main.cpp(89,14): warning C4305: 'initializing': truncation from 'double' to '_Ty'
          with
          [
              _Ty=float
          ]
H:\4-2\LAB\Graphics Final Project\1807118\main.cpp(89,22): warning C4305: 'initializing': truncation from 'double' to '_Ty'
          with
          [
              _Ty=float
          ]
H:\4-2\LAB\Graphics Final Project\1807118\main.cpp(90,6): warning C4305: 'initializing': truncation from 'double' to '_Ty'
          with
          [
              _Ty=float
          ]
H:\4-2\LAB\Graphics Final Project\1807118\main.cpp(90,14): warning C4305: 'initializing': truncation from 'double' to '_Ty'
          with
          [
              _Ty=float
          ]
H:\4-2\LAB\Graphics Final Project\1807118\main.cpp(90,22): warning C4305: 'initializing': truncation from 'double' to '_Ty'
          with
          [
              _Ty=float
          ]
H:\4-2\LAB\Graphics Final Project\1807118\main.cpp(91,6): warning C4305: 'initializing': truncation from 'double' to '_Ty'
          with
          [
              _Ty=float
          ]
H:\4-2\LAB\Graphics Final Project\1807118\main.cpp(91,14): warning C4305: 'initializing': truncation from 'double' to '_Ty'
          with
          [
              _Ty=float
          ]
H:\4-2\LAB\Graphics Final Project\1807118\main.cpp(91,22): warning C4305: 'initializing': truncation from 'double' to '_Ty'
          with
          [
              _Ty=float
          ]
H:\4-2\LAB\Graphics Final Project\1807118\main.cpp(92,6): warning C4305: 'initializing': truncation from 'double' to '_Ty'
          with
          [
              _Ty=float
          ]
H:\4-2\LAB\Graphics Final Project\1807118\main.cpp(92,14): warning C4305: 'initializing': truncation from 'double' to '_Ty'
          with
          [
              _Ty=float
          ]
H:\4-2\LAB\Graphics Final Project\1807118\main.cpp(92,22): warning C4305: 'initializing': truncation from 'double' to '_Ty'
          with
          [
              _Ty=float
          ]
H:\4-2\LAB\Graphics Final Project\1807118\main.cpp(97,2): warning C4305: 'initializing': truncation from 'double' to '_Ty'
          with
          [
              _Ty=float
          ]
H:\4-2\LAB\Graphics Final Project\1807118\main.cpp(97,10): warning C4305: 'initializing': truncation from 'double' to '_Ty'
          with
          [
              _Ty=float
          ]
H:\4-2\LAB\Graphics Final Project\1807118\main.cpp(97,18): warning C4305: 'initializing': truncation from 'double' to '_Ty'
          with
          [
              _Ty=float
          ]
H:\4-2\LAB\Graphics Final Project\1807118\main.cpp(98,2): warning C4305: 'initializing': truncation from 'double' to '_Ty'
          with
          [
              _Ty=float
          ]
H:\4-2\LAB\Graphics Final Project\1807118\main.cpp(98,10): warning C4305: 'initializing': truncation from 'double' to '_Ty'
          with
          [
              _Ty=float
          ]
H:\4-2\LAB\Graphics Final Project\1807118\main.cpp(98,18): warning C4305: 'initializing': truncation from 'double' to '_Ty'
          with
          [
              _Ty=float
          ]
H:\4-2\LAB\Graphics Final Project\1807118\main.cpp(99,2): warning C4305: 'initializing': truncation from 'double' to '_Ty'
          with
          [
              _Ty=float
          ]
H:\4-2\LAB\Graphics Final Project\1807118\main.cpp(99,18): warning C4305: 'initializing': truncation from 'double' to '_Ty'
          with
          [
              _Ty=float
          ]
H:\4-2\LAB\Graphics Final Project\1807118\main.cpp(104,6): warning C4305: 'initializing': truncation from 'double' to '_Ty'
          with
          [
              _Ty=float
          ]
H:\4-2\LAB\Graphics Final Project\1807118\main.cpp(104,14): warning C4305: 'initializing': truncation from 'double' to '_Ty'
          with
          [
              _Ty=float
          ]
H:\4-2\LAB\Graphics Final Project\1807118\main.cpp(104,22): warning C4305: 'initializing': truncation from 'double' to '_Ty'
          with
          [
              _Ty=float
          ]
H:\4-2\LAB\Graphics Final Project\1807118\main.cpp(105,10): warning C4305: 'initializing': truncation from 'double' to '_Ty'
          with
          [
              _Ty=float
          ]
H:\4-2\LAB\Graphics Final Project\1807118\main.cpp(105,18): warning C4305: 'initializing': truncation from 'double' to '_Ty'
          with
          [
              _Ty=float
          ]
H:\4-2\LAB\Graphics Final Project\1807118\main.cpp(105,26): warning C4305: 'initializing': truncation from 'double' to '_Ty'
          with
          [
              _Ty=float
          ]
H:\4-2\LAB\Graphics Final Project\1807118\main.cpp(106,10): warning C4305: 'initializing': truncation from 'double' to '_Ty'
          with
          [
              _Ty=float
          ]
H:\4-2\LAB\Graphics Final Project\1807118\main.cpp(106,18): warning C4305: 'initializing': truncation from 'double' to '_Ty'
          with
          [
              _Ty=float
          ]
H:\4-2\LAB\Graphics Final Project\1807118\main.cpp(106,26): warning C4305: 'initializing': truncation from 'double' to '_Ty'
          with
          [
              _Ty=float
          ]
H:\4-2\LAB\Graphics Final Project\1807118\main.cpp(107,10): warning C4305: 'initializing': truncation from 'double' to '_Ty'
          with
          [
              _Ty=float
          ]
H:\4-2\LAB\Graphics Final Project\1807118\main.cpp(107,18): warning C4305: 'initializing': truncation from 'double' to '_Ty'
          with
          [
              _Ty=float
          ]
H:\4-2\LAB\Graphics Final Project\1807118\main.cpp(107,26): warning C4305: 'initializing': truncation from 'double' to '_Ty'
          with
          [
              _Ty=float
          ]
H:\4-2\LAB\Graphics Final Project\1807118\main.cpp(108,10): warning C4305: 'initializing': truncation from 'double' to '_Ty'
          with
          [
              _Ty=float
          ]
H:\4-2\LAB\Graphics Final Project\1807118\main.cpp(108,18): warning C4305: 'initializing': truncation from 'double' to '_Ty'
          with
          [
              _Ty=float
          ]
H:\4-2\LAB\Graphics Final Project\1807118\main.cpp(108,26): warning C4305: 'initializing': truncation from 'double' to '_Ty'
          with
          [
              _Ty=float
          ]
H:\4-2\LAB\Graphics Final Project\1807118\main.cpp(109,10): warning C4305: 'initializing': truncation from 'double' to '_Ty'
          with
          [
              _Ty=float
          ]
H:\4-2\LAB\Graphics Final Project\1807118\main.cpp(109,18): warning C4305: 'initializing': truncation from 'double' to '_Ty'
          with
          [
              _Ty=float
          ]
H:\4-2\LAB\Graphics Final Project\1807118\main.cpp(109,26): warning C4305: 'initializing': truncation from 'double' to '_Ty'
          with
          [
              _Ty=float
          ]
H:\4-2\LAB\Graphics Final Project\1807118\main.cpp(110,10): warning C4305: 'initializing': truncation from 'double' to '_Ty'
          with
          [
              _Ty=float
          ]
H:\4-2\LAB\Graphics Final Project\1807118\main.cpp(110,18): warning C4305: 'initializing': truncation from 'double' to '_Ty'
          with
          [
              _Ty=float
          ]
H:\4-2\LAB\Graphics Final Project\1807118\main.cpp(110,26): warning C4305: 'initializing': truncation from 'double' to '_Ty'
          with
          [
              _Ty=float
          ]
H:\4-2\LAB\Graphics Final Project\1807118\main.cpp(111,10): warning C4305: 'initializing': truncation from 'double' to '_Ty'
          with
          [
              _Ty=float
          ]
H:\4-2\LAB\Graphics Final Project\1807118\main.cpp(111,18): warning C4305: 'initializing': truncation from 'double' to '_Ty'
          with
          [
              _Ty=float
          ]
H:\4-2\LAB\Graphics Final Project\1807118\main.cpp(111,26): warning C4305: 'initializing': truncation from 'double' to '_Ty'
          with
          [
              _Ty=float
          ]
H:\4-2\LAB\Graphics Final Project\1807118\main.cpp(112,10): warning C4305: 'initializing': truncation from 'double' to '_Ty'
          with
          [
              _Ty=float
          ]
H:\4-2\LAB\Graphics Final Project\1807118\main.cpp(112,18): warning C4305: 'initializing': truncation from 'double' to '_Ty'
          with
          [
              _Ty=float
          ]
H:\4-2\LAB\Graphics Final Project\1807118\main.cpp(112,26): warning C4305: 'initializing': truncation from 'double' to '_Ty'
          with
          [
              _Ty=float
          ]
H:\4-2\LAB\Graphics Final Project\1807118\main.cpp(113,10): warning C4305: 'initializing': truncation from 'double' to '_Ty'
          with
          [
              _Ty=float
          ]
H:\4-2\LAB\Graphics Final Project\1807118\main.cpp(113,18): warning C4305: 'initializing': truncation from 'double' to '_Ty'
          with
          [
              _Ty=float
          ]
H:\4-2\LAB\Graphics Final Project\1807118\main.cpp(113,26): warning C4305: 'initializing': truncation from 'double' to '_Ty'
          with
          [
              _Ty=float
          ]
H:\4-2\LAB\Graphics Final Project\1807118\main.cpp(114,10): warning C4305: 'initializing': truncation from 'double' to '_Ty'
          with
          [
              _Ty=float
          ]
H:\4-2\LAB\Graphics Final Project\1807118\main.cpp(114,18): warning C4305: 'initializing': truncation from 'double' to '_Ty'
          with
          [
              _Ty=float
          ]
H:\4-2\LAB\Graphics Final Project\1807118\main.cpp(114,26): warning C4305: 'initializing': truncation from 'double' to '_Ty'
          with
          [
              _Ty=float
          ]
H:\4-2\LAB\Graphics Final Project\1807118\main.cpp(115,10): warning C4305: 'initializing': truncation from 'double' to '_Ty'
          with
          [
              _Ty=float
          ]
H:\4-2\LAB\Graphics Final Project\1807118\main.cpp(115,18): warning C4305: 'initializing': truncation from 'double' to '_Ty'
          with
          [
              _Ty=float
          ]
H:\4-2\LAB\Graphics Final Project\1807118\main.cpp(115,26): warning C4305: 'initializing': truncation from 'double' to '_Ty'
          with
          [
              _Ty=float
          ]
H:\4-2\LAB\Graphics Final Project\1807118\main.cpp(116,10): warning C4305: 'initializing': truncation from 'double' to '_Ty'
          with
          [
              _Ty=float
          ]
H:\4-2\LAB\Graphics Final Project\1807118\main.cpp(116,18): warning C4305: 'initializing': truncation from 'double' to '_Ty'
          with
          [
              _Ty=float
          ]
H:\4-2\LAB\Graphics Final Project\1807118\main.cpp(116,26): warning C4305: 'initializing': truncation from 'double' to '_Ty'
          with
          [
              _Ty=float
          ]
H:\4-2\LAB\Graphics Final Project\1807118\main.cpp(117,10): warning C4305: 'initializing': truncation from 'double' to '_Ty'
          with
          [
              _Ty=float
          ]
H:\4-2\LAB\Graphics Final Project\1807118\main.cpp(117,18): warning C4305: 'initializing': truncation from 'double' to '_Ty'
          with
          [
              _Ty=float
          ]
H:\4-2\LAB\Graphics Final Project\1807118\main.cpp(117,26): warning C4305: 'initializing': truncation from 'double' to '_Ty'
          with
          [
              _Ty=float
          ]
H:\4-2\LAB\Graphics Final Project\1807118\main.cpp(118,10): warning C4305: 'initializing': truncation from 'double' to '_Ty'
          with
          [
              _Ty=float
          ]
H:\4-2\LAB\Graphics Final Project\1807118\main.cpp(118,18): warning C4305: 'initializing': truncation from 'double' to '_Ty'
          with
          [
              _Ty=float
          ]
H:\4-2\LAB\Graphics Final Project\1807118\main.cpp(118,26): warning C4305: 'initializing': truncation from 'double' to '_Ty'
          with
          [
              _Ty=float
          ]
H:\4-2\LAB\Graphics Final Project\1807118\main.cpp(119,10): warning C4305: 'initializing': truncation from 'double' to '_Ty'
          with
          [
              _Ty=float
          ]
H:\4-2\LAB\Graphics Final Project\1807118\main.cpp(119,18): warning C4305: 'initializing': truncation from 'double' to '_Ty'
          with
          [
              _Ty=float
          ]
H:\4-2\LAB\Graphics Final Project\1807118\main.cpp(119,26): warning C4305: 'initializing': truncation from 'double' to '_Ty'
          with
          [
              _Ty=float
          ]
H:\4-2\LAB\Graphics Final Project\1807118\main.cpp(125,2): warning C4305: 'initializing': truncation from 'double' to '_Ty'
          with
          [
              _Ty=float
          ]
H:\4-2\LAB\Graphics Final Project\1807118\main.cpp(125,10): warning C4305: 'initializing': truncation from 'double' to '_Ty'
          with
          [
              _Ty=float
          ]
H:\4-2\LAB\Graphics Final Project\1807118\main.cpp(125,18): warning C4305: 'initializing': truncation from 'double' to '_Ty'
          with
          [
              _Ty=float
          ]
H:\4-2\LAB\Graphics Final Project\1807118\main.cpp(126,2): warning C4305: 'initializing': truncation from 'double' to '_Ty'
          with
          [
              _Ty=float
          ]
H:\4-2\LAB\Graphics Final Project\1807118\main.cpp(126,10): warning C4305: 'initializing': truncation from 'double' to '_Ty'
          with
          [
              _Ty=float
          ]
H:\4-2\LAB\Graphics Final Project\1807118\main.cpp(126,18): warning C4305: 'initializing': truncation from 'double' to '_Ty'
          with
          [
              _Ty=float
          ]
H:\4-2\LAB\Graphics Final Project\1807118\main.cpp(127,2): warning C4305: 'initializing': truncation from 'double' to '_Ty'
          with
          [
              _Ty=float
          ]
H:\4-2\LAB\Graphics Final Project\1807118\main.cpp(127,10): warning C4305: 'initializing': truncation from 'double' to '_Ty'
          with
          [
              _Ty=float
          ]
H:\4-2\LAB\Graphics Final Project\1807118\main.cpp(127,18): warning C4305: 'initializing': truncation from 'double' to '_Ty'
          with
          [
              _Ty=float
          ]
H:\4-2\LAB\Graphics Final Project\1807118\main.cpp(128,2): warning C4305: 'initializing': truncation from 'double' to '_Ty'
          with
          [
              _Ty=float
          ]
H:\4-2\LAB\Graphics Final Project\1807118\main.cpp(128,10): warning C4305: 'initializing': truncation from 'double' to '_Ty'
          with
          [
              _Ty=float
          ]
H:\4-2\LAB\Graphics Final Project\1807118\main.cpp(128,18): warning C4305: 'initializing': truncation from 'double' to '_Ty'
          with
          [
              _Ty=float
          ]
H:\4-2\LAB\Graphics Final Project\1807118\main.cpp(129,2): warning C4305: 'initializing': truncation from 'double' to '_Ty'
          with
          [
              _Ty=float
          ]
H:\4-2\LAB\Graphics Final Project\1807118\main.cpp(129,10): warning C4305: 'initializing': truncation from 'double' to '_Ty'
          with
          [
              _Ty=float
          ]
H:\4-2\LAB\Graphics Final Project\1807118\main.cpp(129,18): warning C4305: 'initializing': truncation from 'double' to '_Ty'
          with
          [
              _Ty=float
          ]
H:\4-2\LAB\Graphics Final Project\1807118\main.cpp(130,2): warning C4305: 'initializing': truncation from 'double' to '_Ty'
          with
          [
              _Ty=float
          ]
H:\4-2\LAB\Graphics Final Project\1807118\main.cpp(130,10): warning C4305: 'initializing': truncation from 'double' to '_Ty'
          with
          [
              _Ty=float
          ]
H:\4-2\LAB\Graphics Final Project\1807118\main.cpp(130,18): warning C4305: 'initializing': truncation from 'double' to '_Ty'
          with
          [
              _Ty=float
          ]
H:\4-2\LAB\Graphics Final Project\1807118\main.cpp(131,2): warning C4305: 'initializing': truncation from 'double' to '_Ty'
          with
          [
              _Ty=float
          ]
H:\4-2\LAB\Graphics Final Project\1807118\main.cpp(131,10): warning C4305: 'initializing': truncation from 'double' to '_Ty'
          with
          [
              _Ty=float
          ]
H:\4-2\LAB\Graphics Final Project\1807118\main.cpp(131,18): warning C4305: 'initializing': truncation from 'double' to '_Ty'
          with
          [
              _Ty=float
          ]
H:\4-2\LAB\Graphics Final Project\1807118\main.cpp(132,2): warning C4305: 'initializing': truncation from 'double' to '_Ty'
          with
          [
              _Ty=float
          ]
H:\4-2\LAB\Graphics Final Project\1807118\main.cpp(132,10): warning C4305: 'initializing': truncation from 'double' to '_Ty'
          with
          [
              _Ty=float
          ]
H:\4-2\LAB\Graphics Final Project\1807118\main.cpp(132,18): warning C4305: 'initializing': truncation from 'double' to '_Ty'
          with
          [
              _Ty=float
          ]
H:\4-2\LAB\Graphics Final Project\1807118\main.cpp(133,2): warning C4305: 'initializing': truncation from 'double' to '_Ty'
          with
          [
              _Ty=float
          ]
H:\4-2\LAB\Graphics Final Project\1807118\main.cpp(133,10): warning C4305: 'initializing': truncation from 'double' to '_Ty'
          with
          [
              _Ty=float
          ]
H:\4-2\LAB\Graphics Final Project\1807118\main.cpp(133,18): warning C4305: 'initializing': truncation from 'double' to '_Ty'
          with
          [
              _Ty=float
          ]
H:\4-2\LAB\Graphics Final Project\1807118\main.cpp(134,2): warning C4305: 'initializing': truncation from 'double' to '_Ty'
          with
          [
              _Ty=float
          ]
H:\4-2\LAB\Graphics Final Project\1807118\main.cpp(134,10): warning C4305: 'initializing': truncation from 'double' to '_Ty'
          with
          [
              _Ty=float
          ]
H:\4-2\LAB\Graphics Final Project\1807118\main.cpp(134,18): warning C4305: 'initializing': truncation from 'double' to '_Ty'
          with
          [
              _Ty=float
          ]
H:\4-2\LAB\Graphics Final Project\1807118\main.cpp(135,2): warning C4305: 'initializing': truncation from 'double' to '_Ty'
          with
          [
              _Ty=float
          ]
H:\4-2\LAB\Graphics Final Project\1807118\main.cpp(135,10): warning C4305: 'initializing': truncation from 'double' to '_Ty'
          with
          [
              _Ty=float
          ]
H:\4-2\LAB\Graphics Final Project\1807118\main.cpp(135,18): warning C4305: 'initializing': truncation from 'double' to '_Ty'
          with
          [
              _Ty=float
          ]
H:\4-2\LAB\Graphics Final Project\1807118\main.cpp(136,1): warning C4305: 'initializing': truncation from 'double' to '_Ty'
          with
          [
              _Ty=float
          ]
H:\4-2\LAB\Graphics Final Project\1807118\main.cpp(136,9): warning C4305: 'initializing': truncation from 'double' to '_Ty'
          with
          [
              _Ty=float
          ]
H:\4-2\LAB\Graphics Final Project\1807118\main.cpp(136,17): warning C4305: 'initializing': truncation from 'double' to '_Ty'
          with
          [
              _Ty=float
          ]
H:\4-2\LAB\Graphics Final Project\1807118\main.cpp(137,1): warning C4305: 'initializing': truncation from 'double' to '_Ty'
          with
          [
              _Ty=float
          ]
H:\4-2\LAB\Graphics Final Project\1807118\main.cpp(137,9): warning C4305: 'initializing': truncation from 'double' to '_Ty'
          with
          [
              _Ty=float
          ]
H:\4-2\LAB\Graphics Final Project\1807118\main.cpp(137,17): warning C4305: 'initializing': truncation from 'double' to '_Ty'
          with
          [
              _Ty=float
          ]
H:\4-2\LAB\Graphics Final Project\1807118\main.cpp(141,6): warning C4305: 'initializing': truncation from 'double' to '_Ty'
          with
          [
              _Ty=float
          ]
H:\4-2\LAB\Graphics Final Project\1807118\main.cpp(141,14): warning C4305: 'initializing': truncation from 'double' to '_Ty'
          with
          [
              _Ty=float
          ]
H:\4-2\LAB\Graphics Final Project\1807118\main.cpp(141,22): warning C4305: 'initializing': truncation from 'double' to '_Ty'
          with
          [
              _Ty=float
          ]
H:\4-2\LAB\Graphics Final Project\1807118\main.cpp(142,2): warning C4305: 'initializing': truncation from 'double' to '_Ty'
          with
          [
              _Ty=float
          ]
H:\4-2\LAB\Graphics Final Project\1807118\main.cpp(142,10): warning C4305: 'initializing': truncation from 'double' to '_Ty'
          with
          [
              _Ty=float
          ]
H:\4-2\LAB\Graphics Final Project\1807118\main.cpp(142,18): warning C4305: 'initializing': truncation from 'double' to '_Ty'
          with
          [
              _Ty=float
          ]
H:\4-2\LAB\Graphics Final Project\1807118\main.cpp(143,2): warning C4305: 'initializing': truncation from 'double' to '_Ty'
          with
          [
              _Ty=float
          ]
H:\4-2\LAB\Graphics Final Project\1807118\main.cpp(143,10): warning C4305: 'initializing': truncation from 'double' to '_Ty'
          with
          [
              _Ty=float
          ]
H:\4-2\LAB\Graphics Final Project\1807118\main.cpp(143,18): warning C4305: 'initializing': truncation from 'double' to '_Ty'
          with
          [
              _Ty=float
          ]
H:\4-2\LAB\Graphics Final Project\1807118\main.cpp(144,2): warning C4305: 'initializing': truncation from 'double' to '_Ty'
          with
          [
              _Ty=float
          ]
H:\4-2\LAB\Graphics Final Project\1807118\main.cpp(144,10): warning C4305: 'initializing': truncation from 'double' to '_Ty'
          with
          [
              _Ty=float
          ]
H:\4-2\LAB\Graphics Final Project\1807118\main.cpp(144,18): warning C4305: 'initializing': truncation from 'double' to '_Ty'
          with
          [
              _Ty=float
          ]
H:\4-2\LAB\Graphics Final Project\1807118\main.cpp(145,2): warning C4305: 'initializing': truncation from 'double' to '_Ty'
          with
          [
              _Ty=float
          ]
H:\4-2\LAB\Graphics Final Project\1807118\main.cpp(145,10): warning C4305: 'initializing': truncation from 'double' to '_Ty'
          with
          [
              _Ty=float
          ]
H:\4-2\LAB\Graphics Final Project\1807118\main.cpp(145,18): warning C4305: 'initializing': truncation from 'double' to '_Ty'
          with
          [
              _Ty=float
          ]
H:\4-2\LAB\Graphics Final Project\1807118\main.cpp(146,2): warning C4305: 'initializing': truncation from 'double' to '_Ty'
          with
          [
              _Ty=float
          ]
H:\4-2\LAB\Graphics Final Project\1807118\main.cpp(146,10): warning C4305: 'initializing': truncation from 'double' to '_Ty'
          with
          [
              _Ty=float
          ]
H:\4-2\LAB\Graphics Final Project\1807118\main.cpp(146,18): warning C4305: 'initializing': truncation from 'double' to '_Ty'
          with
          [
              _Ty=float
          ]
H:\4-2\LAB\Graphics Final Project\1807118\main.cpp(151,3): warning C4305: 'initializing': truncation from 'double' to '_Ty'
          with
          [
              _Ty=float
          ]
H:\4-2\LAB\Graphics Final Project\1807118\main.cpp(151,11): warning C4305: 'initializing': truncation from 'double' to '_Ty'
          with
          [
              _Ty=float
          ]
H:\4-2\LAB\Graphics Final Project\1807118\main.cpp(151,19): warning C4305: 'initializing': truncation from 'double' to '_Ty'
          with
          [
              _Ty=float
          ]
H:\4-2\LAB\Graphics Final Project\1807118\main.cpp(152,10): warning C4305: 'initializing': truncation from 'double' to '_Ty'
          with
          [
              _Ty=float
          ]
H:\4-2\LAB\Graphics Final Project\1807118\main.cpp(152,18): warning C4305: 'initializing': truncation from 'double' to '_Ty'
          with
          [
              _Ty=float
          ]
H:\4-2\LAB\Graphics Final Project\1807118\main.cpp(153,2): warning C4305: 'initializing': truncation from 'double' to '_Ty'
          with
          [
              _Ty=float
          ]
H:\4-2\LAB\Graphics Final Project\1807118\main.cpp(153,10): warning C4305: 'initializing': truncation from 'double' to '_Ty'
          with
          [
              _Ty=float
          ]
H:\4-2\LAB\Graphics Final Project\1807118\main.cpp(153,18): warning C4305: 'initializing': truncation from 'double' to '_Ty'
          with
          [
              _Ty=float
          ]
H:\4-2\LAB\Graphics Final Project\1807118\main.cpp(154,2): warning C4305: 'initializing': truncation from 'double' to '_Ty'
          with
          [
              _Ty=float
          ]
H:\4-2\LAB\Graphics Final Project\1807118\main.cpp(154,10): warning C4305: 'initializing': truncation from 'double' to '_Ty'
          with
          [
              _Ty=float
          ]
H:\4-2\LAB\Graphics Final Project\1807118\main.cpp(154,18): warning C4305: 'initializing': truncation from 'double' to '_Ty'
          with
          [
              _Ty=float
          ]
H:\4-2\LAB\Graphics Final Project\1807118\main.cpp(155,2): warning C4305: 'initializing': truncation from 'double' to '_Ty'
          with
          [
              _Ty=float
          ]
H:\4-2\LAB\Graphics Final Project\1807118\main.cpp(155,10): warning C4305: 'initializing': truncation from 'double' to '_Ty'
          with
          [
              _Ty=float
          ]
H:\4-2\LAB\Graphics Final Project\1807118\main.cpp(155,18): warning C4305: 'initializing': truncation from 'double' to '_Ty'
          with
          [
              _Ty=float
          ]
H:\4-2\LAB\Graphics Final Project\1807118\main.cpp(156,2): warning C4305: 'initializing': truncation from 'double' to '_Ty'
          with
          [
              _Ty=float
          ]
H:\4-2\LAB\Graphics Final Project\1807118\main.cpp(156,18): warning C4305: 'initializing': truncation from 'double' to '_Ty'
          with
          [
              _Ty=float
          ]
H:\4-2\LAB\Graphics Final Project\1807118\main.cpp(157,2): warning C4305: 'initializing': truncation from 'double' to '_Ty'
          with
          [
              _Ty=float
          ]
H:\4-2\LAB\Graphics Final Project\1807118\main.cpp(157,10): warning C4305: 'initializing': truncation from 'double' to '_Ty'
          with
          [
              _Ty=float
          ]
H:\4-2\LAB\Graphics Final Project\1807118\main.cpp(157,18): warning C4305: 'initializing': truncation from 'double' to '_Ty'
          with
          [
              _Ty=float
          ]
H:\4-2\LAB\Graphics Final Project\1807118\main.cpp(158,2): warning C4305: 'initializing': truncation from 'double' to '_Ty'
          with
          [
              _Ty=float
          ]
H:\4-2\LAB\Graphics Final Project\1807118\main.cpp(158,10): warning C4305: 'initializing': truncation from 'double' to '_Ty'
          with
          [
              _Ty=float
          ]
H:\4-2\LAB\Graphics Final Project\1807118\main.cpp(158,18): warning C4305: 'initializing': truncation from 'double' to '_Ty'
          with
          [
              _Ty=float
          ]
H:\4-2\LAB\Graphics Final Project\1807118\main.cpp(159,2): warning C4305: 'initializing': truncation from 'double' to '_Ty'
          with
          [
              _Ty=float
          ]
H:\4-2\LAB\Graphics Final Project\1807118\main.cpp(159,10): warning C4305: 'initializing': truncation from 'double' to '_Ty'
          with
          [
              _Ty=float
          ]
H:\4-2\LAB\Graphics Final Project\1807118\main.cpp(159,18): warning C4305: 'initializing': truncation from 'double' to '_Ty'
          with
          [
              _Ty=float
          ]
H:\4-2\LAB\Graphics Final Project\1807118\main.cpp(160,2): warning C4305: 'initializing': truncation from 'double' to '_Ty'
          with
          [
              _Ty=float
          ]
H:\4-2\LAB\Graphics Final Project\1807118\main.cpp(160,10): warning C4305: 'initializing': truncation from 'double' to '_Ty'
          with
          [
              _Ty=float
          ]
H:\4-2\LAB\Graphics Final Project\1807118\main.cpp(160,18): warning C4305: 'initializing': truncation from 'double' to '_Ty'
          with
          [
              _Ty=float
          ]
H:\4-2\LAB\Graphics Final Project\1807118\main.cpp(164,6): warning C4305: 'initializing': truncation from 'double' to '_Ty'
          with
          [
              _Ty=float
          ]
H:\4-2\LAB\Graphics Final Project\1807118\main.cpp(164,14): warning C4305: 'initializing': truncation from 'double' to '_Ty'
          with
          [
              _Ty=float
          ]
H:\4-2\LAB\Graphics Final Project\1807118\main.cpp(164,22): warning C4305: 'initializing': truncation from 'double' to '_Ty'
          with
          [
              _Ty=float
          ]
H:\4-2\LAB\Graphics Final Project\1807118\main.cpp(165,10): warning C4305: 'initializing': truncation from 'double' to '_Ty'
          with
          [
              _Ty=float
          ]
H:\4-2\LAB\Graphics Final Project\1807118\main.cpp(165,18): warning C4305: 'initializing': truncation from 'double' to '_Ty'
          with
          [
              _Ty=float
          ]
H:\4-2\LAB\Graphics Final Project\1807118\main.cpp(165,26): warning C4305: 'initializing': truncation from 'double' to '_Ty'
          with
          [
              _Ty=float
          ]
H:\4-2\LAB\Graphics Final Project\1807118\main.cpp(166,10): warning C4305: 'initializing': truncation from 'double' to '_Ty'
          with
          [
              _Ty=float
          ]
H:\4-2\LAB\Graphics Final Project\1807118\main.cpp(166,18): warning C4305: 'initializing': truncation from 'double' to '_Ty'
          with
          [
              _Ty=float
          ]
H:\4-2\LAB\Graphics Final Project\1807118\main.cpp(166,26): warning C4305: 'initializing': truncation from 'double' to '_Ty'
          with
          [
              _Ty=float
          ]
H:\4-2\LAB\Graphics Final Project\1807118\main.cpp(167,10): warning C4305: 'initializing': truncation from 'double' to '_Ty'
          with
          [
              _Ty=float
          ]
H:\4-2\LAB\Graphics Final Project\1807118\main.cpp(167,18): warning C4305: 'initializing': truncation from 'double' to '_Ty'
          with
          [
              _Ty=float
          ]
H:\4-2\LAB\Graphics Final Project\1807118\main.cpp(167,26): warning C4305: 'initializing': truncation from 'double' to '_Ty'
          with
          [
              _Ty=float
          ]
H:\4-2\LAB\Graphics Final Project\1807118\main.cpp(168,10): warning C4305: 'initializing': truncation from 'double' to '_Ty'
          with
          [
              _Ty=float
          ]
H:\4-2\LAB\Graphics Final Project\1807118\main.cpp(168,18): warning C4305: 'initializing': truncation from 'double' to '_Ty'
          with
          [
              _Ty=float
          ]
H:\4-2\LAB\Graphics Final Project\1807118\main.cpp(168,26): warning C4305: 'initializing': truncation from 'double' to '_Ty'
          with
          [
              _Ty=float
          ]
H:\4-2\LAB\Graphics Final Project\1807118\main.cpp(169,10): warning C4305: 'initializing': truncation from 'double' to '_Ty'
          with
          [
              _Ty=float
          ]
H:\4-2\LAB\Graphics Final Project\1807118\main.cpp(169,18): warning C4305: 'initializing': truncation from 'double' to '_Ty'
          with
          [
              _Ty=float
          ]
H:\4-2\LAB\Graphics Final Project\1807118\main.cpp(169,26): warning C4305: 'initializing': truncation from 'double' to '_Ty'
          with
          [
              _Ty=float
          ]
H:\4-2\LAB\Graphics Final Project\1807118\main.cpp(170,10): warning C4305: 'initializing': truncation from 'double' to '_Ty'
          with
          [
              _Ty=float
          ]
H:\4-2\LAB\Graphics Final Project\1807118\main.cpp(170,18): warning C4305: 'initializing': truncation from 'double' to '_Ty'
          with
          [
              _Ty=float
          ]
H:\4-2\LAB\Graphics Final Project\1807118\main.cpp(170,26): warning C4305: 'initializing': truncation from 'double' to '_Ty'
          with
          [
              _Ty=float
          ]
H:\4-2\LAB\Graphics Final Project\1807118\main.cpp(171,10): warning C4305: 'initializing': truncation from 'double' to '_Ty'
          with
          [
              _Ty=float
          ]
H:\4-2\LAB\Graphics Final Project\1807118\main.cpp(171,18): warning C4305: 'initializing': truncation from 'double' to '_Ty'
          with
          [
              _Ty=float
          ]
H:\4-2\LAB\Graphics Final Project\1807118\main.cpp(171,26): warning C4305: 'initializing': truncation from 'double' to '_Ty'
          with
          [
              _Ty=float
          ]
H:\4-2\LAB\Graphics Final Project\1807118\main.cpp(172,10): warning C4305: 'initializing': truncation from 'double' to '_Ty'
          with
          [
              _Ty=float
          ]
H:\4-2\LAB\Graphics Final Project\1807118\main.cpp(172,18): warning C4305: 'initializing': truncation from 'double' to '_Ty'
          with
          [
              _Ty=float
          ]
H:\4-2\LAB\Graphics Final Project\1807118\main.cpp(172,26): warning C4305: 'initializing': truncation from 'double' to '_Ty'
          with
          [
              _Ty=float
          ]
H:\4-2\LAB\Graphics Final Project\1807118\main.cpp(173,10): warning C4305: 'initializing': truncation from 'double' to '_Ty'
          with
          [
              _Ty=float
          ]
H:\4-2\LAB\Graphics Final Project\1807118\main.cpp(173,18): warning C4305: 'initializing': truncation from 'double' to '_Ty'
          with
          [
              _Ty=float
          ]
H:\4-2\LAB\Graphics Final Project\1807118\main.cpp(173,26): warning C4305: 'initializing': truncation from 'double' to '_Ty'
          with
          [
              _Ty=float
          ]
H:\4-2\LAB\Graphics Final Project\1807118\main.cpp(174,10): warning C4305: 'initializing': truncation from 'double' to '_Ty'
          with
          [
              _Ty=float
          ]
H:\4-2\LAB\Graphics Final Project\1807118\main.cpp(174,18): warning C4305: 'initializing': truncation from 'double' to '_Ty'
          with
          [
              _Ty=float
          ]
H:\4-2\LAB\Graphics Final Project\1807118\main.cpp(174,26): warning C4305: 'initializing': truncation from 'double' to '_Ty'
          with
          [
              _Ty=float
          ]
H:\4-2\LAB\Graphics Final Project\1807118\main.cpp(175,10): warning C4305: 'initializing': truncation from 'double' to '_Ty'
          with
          [
              _Ty=float
          ]
H:\4-2\LAB\Graphics Final Project\1807118\main.cpp(175,18): warning C4305: 'initializing': truncation from 'double' to '_Ty'
          with
          [
              _Ty=float
          ]
H:\4-2\LAB\Graphics Final Project\1807118\main.cpp(175,26): warning C4305: 'initializing': truncation from 'double' to '_Ty'
          with
          [
              _Ty=float
          ]
H:\4-2\LAB\Graphics Final Project\1807118\main.cpp(176,10): warning C4305: 'initializing': truncation from 'double' to '_Ty'
          with
          [
              _Ty=float
          ]
H:\4-2\LAB\Graphics Final Project\1807118\main.cpp(176,18): warning C4305: 'initializing': truncation from 'double' to '_Ty'
          with
          [
              _Ty=float
          ]
H:\4-2\LAB\Graphics Final Project\1807118\main.cpp(176,26): warning C4305: 'initializing': truncation from 'double' to '_Ty'
          with
          [
              _Ty=float
          ]
H:\4-2\LAB\Graphics Final Project\1807118\main.cpp(177,10): warning C4305: 'initializing': truncation from 'double' to '_Ty'
          with
          [
              _Ty=float
          ]
H:\4-2\LAB\Graphics Final Project\1807118\main.cpp(177,18): warning C4305: 'initializing': truncation from 'double' to '_Ty'
          with
          [
              _Ty=float
          ]
H:\4-2\LAB\Graphics Final Project\1807118\main.cpp(177,26): warning C4305: 'initializing': truncation from 'double' to '_Ty'
          with
          [
              _Ty=float
          ]
H:\4-2\LAB\Graphics Final Project\1807118\main.cpp(178,10): warning C4305: 'initializing': truncation from 'double' to '_Ty'
          with
          [
              _Ty=float
          ]
H:\4-2\LAB\Graphics Final Project\1807118\main.cpp(178,18): warning C4305: 'initializing': truncation from 'double' to '_Ty'
          with
          [
              _Ty=float
          ]
H:\4-2\LAB\Graphics Final Project\1807118\main.cpp(178,26): warning C4305: 'initializing': truncation from 'double' to '_Ty'
          with
          [
              _Ty=float
          ]
H:\4-2\LAB\Graphics Final Project\1807118\main.cpp(179,10): warning C4305: 'initializing': truncation from 'double' to '_Ty'
          with
          [
              _Ty=float
          ]
H:\4-2\LAB\Graphics Final Project\1807118\main.cpp(179,18): warning C4305: 'initializing': truncation from 'double' to '_Ty'
          with
          [
              _Ty=float
          ]
H:\4-2\LAB\Graphics Final Project\1807118\main.cpp(179,26): warning C4305: 'initializing': truncation from 'double' to '_Ty'
          with
          [
              _Ty=float
          ]
H:\4-2\LAB\Graphics Final Project\1807118\main.cpp(180,10): warning C4305: 'initializing': truncation from 'double' to '_Ty'
          with
          [
              _Ty=float
          ]
H:\4-2\LAB\Graphics Final Project\1807118\main.cpp(180,18): warning C4305: 'initializing': truncation from 'double' to '_Ty'
          with
          [
              _Ty=float
          ]
H:\4-2\LAB\Graphics Final Project\1807118\main.cpp(180,26): warning C4305: 'initializing': truncation from 'double' to '_Ty'
          with
          [
              _Ty=float
          ]
H:\4-2\LAB\Graphics Final Project\1807118\main.cpp(181,10): warning C4305: 'initializing': truncation from 'double' to '_Ty'
          with
          [
              _Ty=float
          ]
H:\4-2\LAB\Graphics Final Project\1807118\main.cpp(181,18): warning C4305: 'initializing': truncation from 'double' to '_Ty'
          with
          [
              _Ty=float
          ]
H:\4-2\LAB\Graphics Final Project\1807118\main.cpp(181,26): warning C4305: 'initializing': truncation from 'double' to '_Ty'
          with
          [
              _Ty=float
          ]
H:\4-2\LAB\Graphics Final Project\1807118\main.cpp(185,6): warning C4305: 'initializing': truncation from 'double' to '_Ty'
          with
          [
              _Ty=float
          ]
H:\4-2\LAB\Graphics Final Project\1807118\main.cpp(185,14): warning C4305: 'initializing': truncation from 'double' to '_Ty'
          with
          [
              _Ty=float
          ]
H:\4-2\LAB\Graphics Final Project\1807118\main.cpp(185,22): warning C4305: 'initializing': truncation from 'double' to '_Ty'
          with
          [
              _Ty=float
          ]
H:\4-2\LAB\Graphics Final Project\1807118\main.cpp(186,10): warning C4305: 'initializing': truncation from 'double' to '_Ty'
          with
          [
              _Ty=float
          ]
H:\4-2\LAB\Graphics Final Project\1807118\main.cpp(186,18): warning C4305: 'initializing': truncation from 'double' to '_Ty'
          with
          [
              _Ty=float
          ]
H:\4-2\LAB\Graphics Final Project\1807118\main.cpp(186,26): warning C4305: 'initializing': truncation from 'double' to '_Ty'
          with
          [
              _Ty=float
          ]
H:\4-2\LAB\Graphics Final Project\1807118\main.cpp(187,10): warning C4305: 'initializing': truncation from 'double' to '_Ty'
          with
          [
              _Ty=float
          ]
H:\4-2\LAB\Graphics Final Project\1807118\main.cpp(187,18): warning C4305: 'initializing': truncation from 'double' to '_Ty'
          with
          [
              _Ty=float
          ]
H:\4-2\LAB\Graphics Final Project\1807118\main.cpp(187,26): warning C4305: 'initializing': truncation from 'double' to '_Ty'
          with
          [
              _Ty=float
          ]
H:\4-2\LAB\Graphics Final Project\1807118\main.cpp(188,10): warning C4305: 'initializing': truncation from 'double' to '_Ty'
          with
          [
              _Ty=float
          ]
H:\4-2\LAB\Graphics Final Project\1807118\main.cpp(188,18): warning C4305: 'initializing': truncation from 'double' to '_Ty'
          with
          [
              _Ty=float
          ]
H:\4-2\LAB\Graphics Final Project\1807118\main.cpp(188,26): warning C4305: 'initializing': truncation from 'double' to '_Ty'
          with
          [
              _Ty=float
          ]
H:\4-2\LAB\Graphics Final Project\1807118\main.cpp(189,10): warning C4305: 'initializing': truncation from 'double' to '_Ty'
          with
          [
              _Ty=float
          ]
H:\4-2\LAB\Graphics Final Project\1807118\main.cpp(189,18): warning C4305: 'initializing': truncation from 'double' to '_Ty'
          with
          [
              _Ty=float
          ]
H:\4-2\LAB\Graphics Final Project\1807118\main.cpp(189,26): warning C4305: 'initializing': truncation from 'double' to '_Ty'
          with
          [
              _Ty=float
          ]
H:\4-2\LAB\Graphics Final Project\1807118\main.cpp(190,10): warning C4305: 'initializing': truncation from 'double' to '_Ty'
          with
          [
              _Ty=float
          ]
H:\4-2\LAB\Graphics Final Project\1807118\main.cpp(190,18): warning C4305: 'initializing': truncation from 'double' to '_Ty'
          with
          [
              _Ty=float
          ]
H:\4-2\LAB\Graphics Final Project\1807118\main.cpp(190,26): warning C4305: 'initializing': truncation from 'double' to '_Ty'
          with
          [
              _Ty=float
          ]
H:\4-2\LAB\Graphics Final Project\1807118\main.cpp(191,10): warning C4305: 'initializing': truncation from 'double' to '_Ty'
          with
          [
              _Ty=float
          ]
H:\4-2\LAB\Graphics Final Project\1807118\main.cpp(191,18): warning C4305: 'initializing': truncation from 'double' to '_Ty'
          with
          [
              _Ty=float
          ]
H:\4-2\LAB\Graphics Final Project\1807118\main.cpp(191,26): warning C4305: 'initializing': truncation from 'double' to '_Ty'
          with
          [
              _Ty=float
          ]
H:\4-2\LAB\Graphics Final Project\1807118\main.cpp(192,10): warning C4305: 'initializing': truncation from 'double' to '_Ty'
          with
          [
              _Ty=float
          ]
H:\4-2\LAB\Graphics Final Project\1807118\main.cpp(192,18): warning C4305: 'initializing': truncation from 'double' to '_Ty'
          with
          [
              _Ty=float
          ]
H:\4-2\LAB\Graphics Final Project\1807118\main.cpp(192,26): warning C4305: 'initializing': truncation from 'double' to '_Ty'
          with
          [
              _Ty=float
          ]
H:\4-2\LAB\Graphics Final Project\1807118\main.cpp(193,10): warning C4305: 'initializing': truncation from 'double' to '_Ty'
          with
          [
              _Ty=float
          ]
H:\4-2\LAB\Graphics Final Project\1807118\main.cpp(193,18): warning C4305: 'initializing': truncation from 'double' to '_Ty'
          with
          [
              _Ty=float
          ]
H:\4-2\LAB\Graphics Final Project\1807118\main.cpp(193,26): warning C4305: 'initializing': truncation from 'double' to '_Ty'
          with
          [
              _Ty=float
          ]
H:\4-2\LAB\Graphics Final Project\1807118\main.cpp(194,10): warning C4305: 'initializing': truncation from 'double' to '_Ty'
          with
          [
              _Ty=float
          ]
H:\4-2\LAB\Graphics Final Project\1807118\main.cpp(194,18): warning C4305: 'initializing': truncation from 'double' to '_Ty'
          with
          [
              _Ty=float
          ]
H:\4-2\LAB\Graphics Final Project\1807118\main.cpp(194,26): warning C4305: 'initializing': truncation from 'double' to '_Ty'
          with
          [
              _Ty=float
          ]
H:\4-2\LAB\Graphics Final Project\1807118\main.cpp(195,10): warning C4305: 'initializing': truncation from 'double' to '_Ty'
          with
          [
              _Ty=float
          ]
H:\4-2\LAB\Graphics Final Project\1807118\main.cpp(195,18): warning C4305: 'initializing': truncation from 'double' to '_Ty'
          with
          [
              _Ty=float
          ]
H:\4-2\LAB\Graphics Final Project\1807118\main.cpp(195,26): warning C4305: 'initializing': truncation from 'double' to '_Ty'
          with
          [
              _Ty=float
          ]
H:\4-2\LAB\Graphics Final Project\1807118\main.cpp(196,10): warning C4305: 'initializing': truncation from 'double' to '_Ty'
          with
          [
              _Ty=float
          ]
H:\4-2\LAB\Graphics Final Project\1807118\main.cpp(196,18): warning C4305: 'initializing': truncation from 'double' to '_Ty'
          with
          [
              _Ty=float
          ]
H:\4-2\LAB\Graphics Final Project\1807118\main.cpp(196,26): warning C4305: 'initializing': truncation from 'double' to '_Ty'
          with
          [
              _Ty=float
          ]
H:\4-2\LAB\Graphics Final Project\1807118\main.cpp(197,10): warning C4305: 'initializing': truncation from 'double' to '_Ty'
          with
          [
              _Ty=float
          ]
H:\4-2\LAB\Graphics Final Project\1807118\main.cpp(197,18): warning C4305: 'initializing': truncation from 'double' to '_Ty'
          with
          [
              _Ty=float
          ]
H:\4-2\LAB\Graphics Final Project\1807118\main.cpp(197,26): warning C4305: 'initializing': truncation from 'double' to '_Ty'
          with
          [
              _Ty=float
          ]
H:\4-2\LAB\Graphics Final Project\1807118\main.cpp(198,10): warning C4305: 'initializing': truncation from 'double' to '_Ty'
          with
          [
              _Ty=float
          ]
H:\4-2\LAB\Graphics Final Project\1807118\main.cpp(198,18): warning C4305: 'initializing': truncation from 'double' to '_Ty'
          with
          [
              _Ty=float
          ]
H:\4-2\LAB\Graphics Final Project\1807118\main.cpp(198,26): warning C4305: 'initializing': truncation from 'double' to '_Ty'
          with
          [
              _Ty=float
          ]
H:\4-2\LAB\Graphics Final Project\1807118\main.cpp(199,10): warning C4305: 'initializing': truncation from 'double' to '_Ty'
          with
          [
              _Ty=float
          ]
H:\4-2\LAB\Graphics Final Project\1807118\main.cpp(199,18): warning C4305: 'initializing': truncation from 'double' to '_Ty'
          with
          [
              _Ty=float
          ]
H:\4-2\LAB\Graphics Final Project\1807118\main.cpp(199,26): warning C4305: 'initializing': truncation from 'double' to '_Ty'
          with
          [
              _Ty=float
          ]
H:\4-2\LAB\Graphics Final Project\1807118\main.cpp(200,10): warning C4305: 'initializing': truncation from 'double' to '_Ty'
          with
          [
              _Ty=float
          ]
H:\4-2\LAB\Graphics Final Project\1807118\main.cpp(200,26): warning C4305: 'initializing': truncation from 'double' to '_Ty'
          with
          [
              _Ty=float
          ]
H:\4-2\LAB\Graphics Final Project\1807118\main.cpp(204,6): warning C4305: 'initializing': truncation from 'double' to '_Ty'
          with
          [
              _Ty=float
          ]
H:\4-2\LAB\Graphics Final Project\1807118\main.cpp(204,14): warning C4305: 'initializing': truncation from 'double' to '_Ty'
          with
          [
              _Ty=float
          ]
H:\4-2\LAB\Graphics Final Project\1807118\main.cpp(204,22): warning C4305: 'initializing': truncation from 'double' to '_Ty'
          with
          [
              _Ty=float
          ]
H:\4-2\LAB\Graphics Final Project\1807118\main.cpp(205,10): warning C4305: 'initializing': truncation from 'double' to '_Ty'
          with
          [
              _Ty=float
          ]
H:\4-2\LAB\Graphics Final Project\1807118\main.cpp(205,18): warning C4305: 'initializing': truncation from 'double' to '_Ty'
          with
          [
              _Ty=float
          ]
H:\4-2\LAB\Graphics Final Project\1807118\main.cpp(205,26): warning C4305: 'initializing': truncation from 'double' to '_Ty'
          with
          [
              _Ty=float
          ]
H:\4-2\LAB\Graphics Final Project\1807118\main.cpp(206,10): warning C4305: 'initializing': truncation from 'double' to '_Ty'
          with
          [
              _Ty=float
          ]
H:\4-2\LAB\Graphics Final Project\1807118\main.cpp(206,18): warning C4305: 'initializing': truncation from 'double' to '_Ty'
          with
          [
              _Ty=float
          ]
H:\4-2\LAB\Graphics Final Project\1807118\main.cpp(206,26): warning C4305: 'initializing': truncation from 'double' to '_Ty'
          with
          [
              _Ty=float
          ]
H:\4-2\LAB\Graphics Final Project\1807118\main.cpp(207,10): warning C4305: 'initializing': truncation from 'double' to '_Ty'
          with
          [
              _Ty=float
          ]
H:\4-2\LAB\Graphics Final Project\1807118\main.cpp(207,18): warning C4305: 'initializing': truncation from 'double' to '_Ty'
          with
          [
              _Ty=float
          ]
H:\4-2\LAB\Graphics Final Project\1807118\main.cpp(207,26): warning C4305: 'initializing': truncation from 'double' to '_Ty'
          with
          [
              _Ty=float
          ]
H:\4-2\LAB\Graphics Final Project\1807118\main.cpp(208,10): warning C4305: 'initializing': truncation from 'double' to '_Ty'
          with
          [
              _Ty=float
          ]
H:\4-2\LAB\Graphics Final Project\1807118\main.cpp(208,18): warning C4305: 'initializing': truncation from 'double' to '_Ty'
          with
          [
              _Ty=float
          ]
H:\4-2\LAB\Graphics Final Project\1807118\main.cpp(208,26): warning C4305: 'initializing': truncation from 'double' to '_Ty'
          with
          [
              _Ty=float
          ]
H:\4-2\LAB\Graphics Final Project\1807118\main.cpp(209,10): warning C4305: 'initializing': truncation from 'double' to '_Ty'
          with
          [
              _Ty=float
          ]
H:\4-2\LAB\Graphics Final Project\1807118\main.cpp(209,18): warning C4305: 'initializing': truncation from 'double' to '_Ty'
          with
          [
              _Ty=float
          ]
H:\4-2\LAB\Graphics Final Project\1807118\main.cpp(209,26): warning C4305: 'initializing': truncation from 'double' to '_Ty'
          with
          [
              _Ty=float
          ]
H:\4-2\LAB\Graphics Final Project\1807118\main.cpp(210,10): warning C4305: 'initializing': truncation from 'double' to '_Ty'
          with
          [
              _Ty=float
          ]
H:\4-2\LAB\Graphics Final Project\1807118\main.cpp(210,18): warning C4305: 'initializing': truncation from 'double' to '_Ty'
          with
          [
              _Ty=float
          ]
H:\4-2\LAB\Graphics Final Project\1807118\main.cpp(210,26): warning C4305: 'initializing': truncation from 'double' to '_Ty'
          with
          [
              _Ty=float
          ]
H:\4-2\LAB\Graphics Final Project\1807118\main.cpp(211,18): warning C4305: 'initializing': truncation from 'double' to '_Ty'
          with
          [
              _Ty=float
          ]
H:\4-2\LAB\Graphics Final Project\1807118\main.cpp(211,26): warning C4305: 'initializing': truncation from 'double' to '_Ty'
          with
          [
              _Ty=float
          ]
H:\4-2\LAB\Graphics Final Project\1807118\main.cpp(212,10): warning C4305: 'initializing': truncation from 'double' to '_Ty'
          with
          [
              _Ty=float
          ]
H:\4-2\LAB\Graphics Final Project\1807118\main.cpp(212,18): warning C4305: 'initializing': truncation from 'double' to '_Ty'
          with
          [
              _Ty=float
          ]
H:\4-2\LAB\Graphics Final Project\1807118\main.cpp(212,26): warning C4305: 'initializing': truncation from 'double' to '_Ty'
          with
          [
              _Ty=float
          ]
H:\4-2\LAB\Graphics Final Project\1807118\main.cpp(213,10): warning C4305: 'initializing': truncation from 'double' to '_Ty'
          with
          [
              _Ty=float
          ]
H:\4-2\LAB\Graphics Final Project\1807118\main.cpp(213,18): warning C4305: 'initializing': truncation from 'double' to '_Ty'
          with
          [
              _Ty=float
          ]
H:\4-2\LAB\Graphics Final Project\1807118\main.cpp(213,26): warning C4305: 'initializing': truncation from 'double' to '_Ty'
          with
          [
              _Ty=float
          ]
H:\4-2\LAB\Graphics Final Project\1807118\main.cpp(214,10): warning C4305: 'initializing': truncation from 'double' to '_Ty'
          with
          [
              _Ty=float
          ]
H:\4-2\LAB\Graphics Final Project\1807118\main.cpp(214,18): warning C4305: 'initializing': truncation from 'double' to '_Ty'
          with
          [
              _Ty=float
          ]
H:\4-2\LAB\Graphics Final Project\1807118\main.cpp(214,26): warning C4305: 'initializing': truncation from 'double' to '_Ty'
          with
          [
              _Ty=float
          ]
H:\4-2\LAB\Graphics Final Project\1807118\main.cpp(215,10): warning C4305: 'initializing': truncation from 'double' to '_Ty'
          with
          [
              _Ty=float
          ]
H:\4-2\LAB\Graphics Final Project\1807118\main.cpp(215,18): warning C4305: 'initializing': truncation from 'double' to '_Ty'
          with
          [
              _Ty=float
          ]
H:\4-2\LAB\Graphics Final Project\1807118\main.cpp(215,26): warning C4305: 'initializing': truncation from 'double' to '_Ty'
          with
          [
              _Ty=float
          ]
H:\4-2\LAB\Graphics Final Project\1807118\main.cpp(216,10): warning C4305: 'initializing': truncation from 'double' to '_Ty'
          with
          [
              _Ty=float
          ]
H:\4-2\LAB\Graphics Final Project\1807118\main.cpp(216,18): warning C4305: 'initializing': truncation from 'double' to '_Ty'
          with
          [
              _Ty=float
          ]
H:\4-2\LAB\Graphics Final Project\1807118\main.cpp(216,26): warning C4305: 'initializing': truncation from 'double' to '_Ty'
          with
          [
              _Ty=float
          ]
H:\4-2\LAB\Graphics Final Project\1807118\main.cpp(282,5): warning C4305: 'argument': truncation from 'double' to 'float'
H:\4-2\LAB\Graphics Final Project\1807118\main.cpp(2810,23): warning C4244: '=': conversion from 'double' to 'float', possible loss of data
H:\4-2\LAB\Graphics Final Project\1807118\main.cpp(2819,23): warning C4244: '=': conversion from 'double' to 'float', possible loss of data
H:\4-2\LAB\Graphics Final Project\1807118\main.cpp(2827,23): warning C4244: '=': conversion from 'double' to 'float', possible loss of data
H:\4-2\LAB\Graphics Final Project\1807118\main.cpp(2836,23): warning C4244: '=': conversion from 'double' to 'float', possible loss of data
H:\4-2\LAB\Graphics Final Project\1807118\main.cpp(3281,23): warning C4244: '=': conversion from 'double' to 'float', possible loss of data
H:\4-2\LAB\Graphics Final Project\1807118\main.cpp(3290,23): warning C4244: '=': conversion from 'double' to 'float', possible loss of data
H:\4-2\LAB\Graphics Final Project\1807118\main.cpp(3580,23): warning C4244: '=': conversion from 'double' to 'float', possible loss of data
H:\4-2\LAB\Graphics Final Project\1807118\main.cpp(3589,23): warning C4244: '=': conversion from 'double' to 'float', possible loss of data
H:\4-2\LAB\Graphics Final Project\1807118\main.cpp(4234,23): warning C4244: '=': conversion from 'double' to 'float', possible loss of data
H:\4-2\LAB\Graphics Final Project\1807118\main.cpp(4243,23): warning C4244: '=': conversion from 'double' to 'float', possible loss of data
H:\4-2\LAB\Graphics Final Project\1807118\main.cpp(5067,21): warning C4244: '=': conversion from 'double' to 'float', possible loss of data
H:\4-2\LAB\Graphics Final Project\1807118\main.cpp(5076,21): warning C4244: '=': conversion from 'double' to 'float', possible loss of data
H:\4-2\LAB\Graphics Final Project\1807118\main.cpp(5084,21): warning C4244: '=': conversion from 'double' to 'float', possible loss of data
H:\4-2\LAB\Graphics Final Project\1807118\main.cpp(5484,23): warning C4244: '=': conversion from 'double' to 'float', possible loss of data
H:\4-2\LAB\Graphics Final Project\1807118\main.cpp(5493,23): warning C4244: '=': conversion from 'double' to 'float', possible loss of data
H:\4-2\LAB\Graphics Final Project\1807118\main.cpp(5414,19): warning C4101: 'translateMatrix_b1': unreferenced local variable
H:\4-2\LAB\Graphics Final Project\1807118\main.cpp(3089,38): warning C4101: 'rotateXMatrix10': unreferenced local variable
H:\4-2\LAB\Graphics Final Project\1807118\main.cpp(2507,37): warning C4101: 'rotateXMatrix2': unreferenced local variable
H:\4-2\LAB\Graphics Final Project\1807118\main.cpp(5417,53): warning C4101: 'rotateYMatrix7': unreferenced local variable
H:\4-2\LAB\Graphics Final Project\1807118\main.cpp(5414,57): warning C4101: 'rotateYMatrix_b1': unreferenced local variable
H:\4-2\LAB\Graphics Final Project\1807118\main.cpp(4991,37): warning C4101: 'rotateXMatrix6': unreferenced local variable
H:\4-2\LAB\Graphics Final Project\1807118\main.cpp(3271,72): warning C4101: 'rotateZMatrix11': unreferenced local variable
H:\4-2\LAB\Graphics Final Project\1807118\main.cpp(3271,38): warning C4101: 'rotateXMatrix11': unreferenced local variable
H:\4-2\LAB\Graphics Final Project\1807118\main.cpp(2531,69): warning C4101: 'rotateZMatrix3': unreferenced local variable
H:\4-2\LAB\Graphics Final Project\1807118\main.cpp(2531,53): warning C4101: 'rotateYMatrix3': unreferenced local variable
H:\4-2\LAB\Graphics Final Project\1807118\main.cpp(3271,89): warning C4101: 'scaleMatrix11': unreferenced local variable
H:\4-2\LAB\Graphics Final Project\1807118\main.cpp(5928,53): warning C4101: 'rotateYMatrix8': unreferenced local variable
H:\4-2\LAB\Graphics Final Project\1807118\main.cpp(4991,53): warning C4101: 'rotateYMatrix6': unreferenced local variable
H:\4-2\LAB\Graphics Final Project\1807118\main.cpp(3271,55): warning C4101: 'rotateYMatrix11': unreferenced local variable
H:\4-2\LAB\Graphics Final Project\1807118\main.cpp(3089,55): warning C4101: 'rotateYMatrix10': unreferenced local variable
H:\4-2\LAB\Graphics Final Project\1807118\main.cpp(3558,55): warning C4101: 'rotateYMatrix12': unreferenced local variable
H:\4-2\LAB\Graphics Final Project\1807118\main.cpp(2507,69): warning C4101: 'rotateZMatrix2': unreferenced local variable
H:\4-2\LAB\Graphics Final Project\1807118\main.cpp(5414,39): warning C4101: 'rotateXMatrix_b1': unreferenced local variable
H:\4-2\LAB\Graphics Final Project\1807118\main.cpp(3558,72): warning C4101: 'rotateZMatrix12': unreferenced local variable
H:\4-2\LAB\Graphics Final Project\1807118\main.cpp(5414,75): warning C4101: 'rotateZMatrix_b1': unreferenced local variable
H:\4-2\LAB\Graphics Final Project\1807118\main.cpp(4767,37): warning C4101: 'rotateXMatrix5': unreferenced local variable
H:\4-2\LAB\Graphics Final Project\1807118\main.cpp(2721,37): warning C4101: 'rotateXMatrix4': unreferenced local variable
H:\4-2\LAB\Graphics Final Project\1807118\main.cpp(5414,93): warning C4101: 'scaleMatrix_b1': unreferenced local variable
H:\4-2\LAB\Graphics Final Project\1807118\main.cpp(5417,37): warning C4101: 'rotateXMatrix7': unreferenced local variable
H:\4-2\LAB\Graphics Final Project\1807118\main.cpp(5414,109): warning C4101: 'model_b1': unreferenced local variable
H:\4-2\LAB\Graphics Final Project\1807118\main.cpp(3271,19): warning C4101: 'translateMatrix11': unreferenced local variable
H:\4-2\LAB\Graphics Final Project\1807118\main.cpp(2531,37): warning C4101: 'rotateXMatrix3': unreferenced local variable
H:\4-2\LAB\Graphics Final Project\1807118\main.cpp(5417,69): warning C4101: 'rotateZMatrix7': unreferenced local variable
H:\4-2\LAB\Graphics Final Project\1807118\main.cpp(3558,38): warning C4101: 'rotateXMatrix12': unreferenced local variable
H:\4-2\LAB\Graphics Final Project\1807118\main.cpp(3089,72): warning C4101: 'rotateZMatrix10': unreferenced local variable
H:\4-2\LAB\Graphics Final Project\1807118\main.cpp(4767,53): warning C4101: 'rotateYMatrix5': unreferenced local variable
H:\4-2\LAB\Graphics Final Project\1807118\main.cpp(3271,104): warning C4101: 'model11': unreferenced local variable
H:\4-2\LAB\Graphics Final Project\1807118\main.cpp(2507,53): warning C4101: 'rotateYMatrix2': unreferenced local variable
H:\4-2\LAB\Graphics Final Project\1807118\main.cpp(6141,47): warning C4305: '-=': truncation from 'double' to 'float'
H:\4-2\LAB\Graphics Final Project\1807118\main.cpp(6142,52): warning C4305: '-=': truncation from 'double' to 'float'
H:\4-2\LAB\Graphics Final Project\1807118\main.cpp(6143,34): warning C4305: '-=': truncation from 'double' to 'float'
H:\4-2\LAB\Graphics Final Project\1807118\main.cpp(6151,70): warning C4305: '+=': truncation from 'double' to 'float'
H:\4-2\LAB\Graphics Final Project\1807118\main.cpp(6152,70): warning C4305: '-=': truncation from 'double' to 'float'
H:\4-2\LAB\Graphics Final Project\1807118\main.cpp(6153,70): warning C4305: '+=': truncation from 'double' to 'float'
H:\4-2\LAB\Graphics Final Project\1807118\main.cpp(6188,29): warning C4305: '+=': truncation from 'double' to 'float'
H:\4-2\LAB\Graphics Final Project\1807118\main.cpp(6195,29): warning C4305: '+=': truncation from 'double' to 'float'
H:\4-2\LAB\Graphics Final Project\1807118\main.cpp(6202,29): warning C4305: '+=': truncation from 'double' to 'float'
H:\4-2\LAB\Graphics Final Project\1807118\main.cpp(6437,33): warning C4305: 'initializing': truncation from 'double' to 'float'
H:\4-2\LAB\Graphics Final Project\1807118\main.cpp(6440,14): warning C4305: 'initializing': truncation from 'double' to 'float'
H:\4-2\LAB\Graphics Final Project\1807118\main.cpp(6450,25): warning C4244: '=': conversion from 'double' to 'float', possible loss of data
H:\4-2\LAB\Graphics Final Project\1807118\main.cpp(6456,19): warning C4244: '=': conversion from 'double' to 'float', possible loss of data
H:\4-2\LAB\Graphics Final Project\1807118\main.cpp(6457,19): warning C4244: '=': conversion from 'double' to 'float', possible loss of data
  stb_image.cpp
  Generating Code...
  Lighting.vcxproj -> H:\4-2\LAB\Graphics Final Project\1807118\x64\Debug\Lighting.exe
